-------------------------------------------------
The trace creation timestamp is: Wed Oct 30 16:31:21 24
The executable build timestamp is: Wed Nov 04 09:51:14 20
The datecode is: 2020281
The pro machine type is: x86e_win64
The process ID is: 3108
The traceback type is : CRASH
The logger exit status is: 00003
The Trail is: 0
The release is: 7.0
The product version is: 7.0.2.0
The product title is: Creo Render Studio
-------------------------------------------------
Exception EXCEPTION_ACCESS_VIOLATION has occurred in the thread 14340.

Main Thread 14340
=====================
0x00007FF7D4624741	NULL (NULL:0) (xtop:0x00007FF7CD750000) ( 0x0, 0x499ab328, 0x495c84d0, 0x3e9 ) 
0x00007FF7D4604E79	NULL (NULL:0) (xtop:0x00007FF7CD750000) ( 0x977d42a8, 0x0, 0xfee4a498, 0x9782bdf0 ) 
0x00007FF7D46050CB	NULL (NULL:0) (xtop:0x00007FF7CD750000) ( 0x977d42a8, 0x0, 0xfee4a498, 0xf54724a0 ) 
0x00007FFF495C8D0A	NULL (NULL:0) (uitools_sh:0x00007FFF49550000) ( 0xd994a958, 0xd994a958, 0xfeca95f0, 0xfeca9618 ) 
0x00007FFF495C66E9	NULL (NULL:0) (uitools_sh:0x00007FFF49550000) ( 0xd994a958, 0xfee4a498, 0xfee4a498, 0xce614c70 ) 
0x00007FFF495C65AA	NULL (NULL:0) (uitools_sh:0x00007FFF49550000) ( 0xd994a958, 0x51dada80, 0x1, 0x1 ) 
0x00007FF7CE61E025	NULL (NULL:0) (xtop:0x00007FF7CD750000) ( 0x0, 0x51dada80, 0x1, 0x0 ) 
0x00007FF7CE602ED5	NULL (NULL:0) (xtop:0x00007FF7CD750000) ( 0xce60d3c0, 0x2, 0xf52f1e50, 0x0 ) 
0x00007FF7CE61E137	NULL (NULL:0) (xtop:0x00007FF7CD750000) ( 0x0, 0x0, 0x48828, 0x3 ) 
0x00007FF7D626B3BB	NULL (NULL:0) (xtop:0x00007FF7CD750000) ( 0x4, 0x0, 0x4, 0x0 ) 
0x00007FF7D6264664	NULL (NULL:0) (xtop:0x00007FF7CD750000) ( 0x1, 0x51daf420, 0xf45d5478, 0x0 ) 
0x00007FF7D626475A	NULL (NULL:0) (xtop:0x00007FF7CD750000) ( 0xf45d5478, 0xd62646d0, 0xf4018388, 0x51daf760 ) 
0x00007FFF4B17DF2C	NULL (NULL:0) (libui_sh:0x00007FFF4AF50000) ( 0xf45d5478, 0xd62646d0, 0x51daf760, 0x0 ) 
0x00007FFF4B17FA9F	NULL (NULL:0) (libui_sh:0x00007FFF4AF50000) ( 0xd62646d0, 0x0, 0x0, 0x0 ) 
0x00007FFF4AF6DBED	NULL (NULL:0) (libui_sh:0x00007FFF4AF50000) ( 0xa, 0x4, 0xf45d5478, 0x0 ) 
0x00007FF7D6261CE2	NULL (NULL:0) (xtop:0x00007FF7CD750000) ( 0x0, 0x0, 0x0, 0x0 ) 
0x00007FFFE11D257D	NULL (NULL:0) (KERNEL32:0x00007FFFE11C0000) ( 0x0, 0x0, 0x0, 0x0 ) 

Thread 7092
=====================
0x00007FFFE2EB3D84	NULL (NULL:0) (ntdll:0x00007FFFE2E10000) ( 0xf1e9a920, 0xf1e9a920, 0x1, 0xf1ea2cb0 ) 
0x00007FFFE2E4585E	NULL (NULL:0) (ntdll:0x00007FFFE2E10000) ( 0x0, 0x0, 0x0, 0x0 ) 
0x00007FFFE11D257D	NULL (NULL:0) (KERNEL32:0x00007FFFE11C0000) ( 0x0, 0x0, 0x0, 0x0 ) 

Thread 16828
=====================
0x00007FFFE2EB3D84	NULL (NULL:0) (ntdll:0x00007FFFE2E10000) ( 0xf1e9a920, 0xf1e9a920, 0x1, 0xf1ea6980 ) 
0x00007FFFE2E4585E	NULL (NULL:0) (ntdll:0x00007FFFE2E10000) ( 0x0, 0x0, 0x0, 0x0 ) 
0x00007FFFE11D257D	NULL (NULL:0) (KERNEL32:0x00007FFFE11C0000) ( 0x0, 0x0, 0x0, 0x0 ) 

Thread 6740
=====================
0x00007FFFE2EB3D84	NULL (NULL:0) (ntdll:0x00007FFFE2E10000) ( 0xf1e9a920, 0xf1e9a920, 0x1, 0xf1ea6e60 ) 
0x00007FFFE2E4585E	NULL (NULL:0) (ntdll:0x00007FFFE2E10000) ( 0x0, 0x0, 0x0, 0x0 ) 
0x00007FFFE11D257D	NULL (NULL:0) (KERNEL32:0x00007FFFE11C0000) ( 0x0, 0x0, 0x0, 0x0 ) 

Thread 14484
=====================
0x00007FFFE2EB01B4	NULL (NULL:0) (ntdll:0x00007FFFE2E10000) ( 0xf47b0010, 0xf47b02e8, 0x8, 0x8 ) 
0x00007FFFE0309A9E	NULL (NULL:0) (KERNELBASE:0x00007FFFE02D0000) ( 0x1, 0x0, 0x0, 0xd64 ) 
0x00007FFF49DFFEBC	NULL (NULL:0) (baselibmt:0x00007FFF49DC0000) ( 0x0, 0x0, 0x0, 0x5d8 ) 
0x00007FFF4AC16351	NULL (NULL:0) (coreutils_sh:0x00007FFF4AC00000) ( 0x0, 0x0, 0x0, 0x0 ) 
0x00007FFF49ECB502	NULL (NULL:0) (baselibmt:0x00007FFF49DC0000) ( 0xf40a1a00, 0x0, 0xf4c5da90, 0x7fffffff ) 
0x00007FFFE0919333	NULL (NULL:0) (ucrtbase:0x00007FFFE08F0000) ( 0x0, 0x0, 0x0, 0x0 ) 
0x00007FFFE11D257D	NULL (NULL:0) (KERNEL32:0x00007FFFE11C0000) ( 0x0, 0x0, 0x0, 0x0 ) 

Thread 1836
=====================
0x00007FFFE2EB3D84	NULL (NULL:0) (ntdll:0x00007FFFE2E10000) ( 0x0, 0xf410ac90, 0x0, 0x0 ) 
0x00007FFFE2E4585E	NULL (NULL:0) (ntdll:0x00007FFFE2E10000) ( 0x0, 0x0, 0x0, 0x0 ) 
0x00007FFFE11D257D	NULL (NULL:0) (KERNEL32:0x00007FFFE11C0000) ( 0x0, 0x0, 0x0, 0x0 ) 

Thread 9712
=====================
0x00007FFFE2EB0C84	NULL (NULL:0) (ntdll:0x00007FFFE2E10000) ( 0x0, 0x0, 0x0, 0x0 ) 
0x00007FFFE03265F9	NULL (NULL:0) (KERNELBASE:0x00007FFFE02D0000) ( 0x0, 0x0, 0xf4095c10, 0x0 ) 
0x00007FFFE07C4A07	NULL (NULL:0) (CRYPT32:0x00007FFFE0780000) ( 0x0, 0x0, 0x0, 0x0 ) 
0x00007FFFE11D257D	NULL (NULL:0) (KERNEL32:0x00007FFFE11C0000) ( 0x0, 0x0, 0x0, 0x0 ) 

Thread 9060
=====================
0x00007FFFE2EB0C84	NULL (NULL:0) (ntdll:0x00007FFFE2E10000) ( 0x0, 0x0, 0x0, 0x0 ) 
0x00007FFFE03265F9	NULL (NULL:0) (KERNELBASE:0x00007FFFE02D0000) ( 0x0, 0x0, 0x0, 0x0 ) 
0x00007FFFE1C28D5D	NULL (NULL:0) (combase:0x00007FFFE1C00000) ( 0x0, 0x0, 0x0, 0x0 ) 
0x00007FFFE1C28BCA	NULL (NULL:0) (combase:0x00007FFFE1C00000) ( 0xffffffff, 0xf4d7a890, 0x0, 0xf4d7a890 ) 
0x00007FFFE1C289C7	NULL (NULL:0) (combase:0x00007FFFE1C00000) ( 0x0, 0x0, 0x0, 0x0 ) 
0x00007FFFE1C28DD9	NULL (NULL:0) (combase:0x00007FFFE1C00000) ( 0x0, 0x0, 0x0, 0x0 ) 
0x00007FFFE11D257D	NULL (NULL:0) (KERNEL32:0x00007FFFE11C0000) ( 0x0, 0x0, 0x0, 0x0 ) 

Thread 9764
=====================
0x00007FFFE2EB3D84	NULL (NULL:0) (ntdll:0x00007FFFE2E10000) ( 0x1000b, 0xf40cbd01, 0x1, 0xf40cbdc0 ) 
0x00007FFFE2E4585E	NULL (NULL:0) (ntdll:0x00007FFFE2E10000) ( 0x0, 0x0, 0x0, 0x0 ) 
0x00007FFFE11D257D	NULL (NULL:0) (KERNEL32:0x00007FFFE11C0000) ( 0x0, 0x0, 0x0, 0x0 ) 

Thread 16852
=====================
0x00007FFFE2EB3D84	NULL (NULL:0) (ntdll:0x00007FFFE2E10000) ( 0xf40cbdc0, 0xf40cbdc0, 0x1, 0xf40cbdc0 ) 
0x00007FFFE2E4585E	NULL (NULL:0) (ntdll:0x00007FFFE2E10000) ( 0x0, 0x0, 0x0, 0x0 ) 
0x00007FFFE11D257D	NULL (NULL:0) (KERNEL32:0x00007FFFE11C0000) ( 0x0, 0x0, 0x0, 0x0 ) 

Thread 14008
=====================
0x00007FFFE2EB2544	NULL (NULL:0) (ntdll:0x00007FFFE2E10000) ( 0x0, 0x0, 0x590ff858, 0x0 ) 
0x00007FFFE03022E0	NULL (NULL:0) (KERNELBASE:0x00007FFFE02D0000) ( 0x0, 0x0, 0x0, 0x0 ) 
0x00007FFF4B1298EE	NULL (NULL:0) (libui_sh:0x00007FFF4AF50000) ( 0x4, 0x0, 0x4, 0xf54aced0 ) 
0x00007FFFE11D257D	NULL (NULL:0) (KERNEL32:0x00007FFFE11C0000) ( 0x0, 0x0, 0x0, 0x0 ) 

Thread 9816
=====================
0x00007FFFE2EB3D84	NULL (NULL:0) (ntdll:0x00007FFFE2E10000) ( 0xf1e90c50, 0xf1e90c50, 0x1, 0x0 ) 
0x00007FFFE2E4585E	NULL (NULL:0) (ntdll:0x00007FFFE2E10000) ( 0x0, 0x0, 0x0, 0x0 ) 
0x00007FFFE11D257D	NULL (NULL:0) (KERNEL32:0x00007FFFE11C0000) ( 0x0, 0x0, 0x0, 0x0 ) 

Thread 1856
=====================
0x00007FFFE2EB3D84	NULL (NULL:0) (ntdll:0x00007FFFE2E10000) ( 0xf1e90c50, 0xf1e90c50, 0x1, 0x0 ) 
0x00007FFFE2E4585E	NULL (NULL:0) (ntdll:0x00007FFFE2E10000) ( 0x0, 0x0, 0x0, 0x0 ) 
0x00007FFFE11D257D	NULL (NULL:0) (KERNEL32:0x00007FFFE11C0000) ( 0x0, 0x0, 0x0, 0x0 ) 

Thread 16976
=====================
0x00007FFFE2EB01B4	NULL (NULL:0) (ntdll:0x00007FFFE2E10000) ( 0x8, 0x4a1a2cbd, 0xf2070870, 0xf2070870 ) 
0x00007FFFE0309A9E	NULL (NULL:0) (KERNELBASE:0x00007FFFE02D0000) ( 0xf4d1ada8, 0x0, 0x0, 0xbdc ) 
0x00007FFF49DF889B	NULL (NULL:0) (baselibmt:0x00007FFF49DC0000) ( 0x0, 0x1, 0x0, 0x0 ) 
0x00007FFF49ECB738	NULL (NULL:0) (baselibmt:0x00007FFF49DC0000) ( 0xf4e8da00, 0x0, 0xf4d1ad90, 0x7fffffff ) 
0x00007FFFE0919333	NULL (NULL:0) (ucrtbase:0x00007FFFE08F0000) ( 0x0, 0x0, 0x0, 0x0 ) 
0x00007FFFE11D257D	NULL (NULL:0) (KERNEL32:0x00007FFFE11C0000) ( 0x0, 0x0, 0x0, 0x0 ) 

Thread 2704
=====================
0x00007FFFE0681534	NULL (NULL:0) (win32u:0x00007FFFE0680000) ( 0x0, 0x0, 0x0, 0x0 ) 
0x00007FFFE0F81F76	NULL (NULL:0) (USER32:0x00007FFFE0F60000) ( 0x0, 0x0, 0x0, 0x0 ) 
0x00007FF7D46550A3	NULL (NULL:0) (xtop:0x00007FF7CD750000) ( 0x0, 0x0, 0x0, 0x0 ) 
0x00007FFFE11D257D	NULL (NULL:0) (KERNEL32:0x00007FFFE11C0000) ( 0x0, 0x0, 0x0, 0x0 ) 

Thread 13720
=====================
0x00007FFFE2EB12A4	NULL (NULL:0) (ntdll:0x00007FFFE2E10000) ( 0x0, 0xdd83ed70, 0xdd83ed70, 0x80260000 ) 
0x00007FFFDD825058	NULL (NULL:0) (dwmapi:0x00007FFFDD820000) ( 0x0, 0x0, 0x0, 0x0 ) 
0x00007FFFDD824ABE	NULL (NULL:0) (dwmapi:0x00007FFFDD820000) ( 0x0, 0x0, 0x0, 0xc24 ) 
0x00007FFF456B9A6D	NULL (NULL:0) (igxelpicd64:0x00007FFF45630000) ( 0x0, 0x0, 0x0, 0x0 ) 
0x00007FFFE11D257D	NULL (NULL:0) (KERNEL32:0x00007FFFE11C0000) ( 0x0, 0x0, 0x0, 0x0 ) 

Thread 11292
=====================
0x00007FFFE2EB0C84	NULL (NULL:0) (ntdll:0x00007FFFE2E10000) ( 0x0, 0xc, 0xf1ed8810, 0x1f80 ) 
0x00007FFFE03265F9	NULL (NULL:0) (KERNELBASE:0x00007FFFE02D0000) ( 0x0, 0xe0331e7d, 0x0, 0x0 ) 
0x00007FFFE03264FE	NULL (NULL:0) (KERNELBASE:0x00007FFFE02D0000) ( 0x0, 0x0, 0x0, 0x0 ) 
0x00007FFF45A2C451	NULL (NULL:0) (igxelpicd64:0x00007FFF45630000) ( 0x0, 0x0, 0x0, 0x0 ) 
0x00007FFFE11D257D	NULL (NULL:0) (KERNEL32:0x00007FFFE11C0000) ( 0x0, 0x0, 0x0, 0x0 ) 

Thread 17144
=====================
0x00007FFFE2EB3D24	NULL (NULL:0) (ntdll:0x00007FFFE2E10000) ( 0x7ffe0358, 0xe2e20853, 0x222f32e, 0xe0f642a9 ) 
0x00007FFFE2E796BB	NULL (NULL:0) (ntdll:0x00007FFFE2E10000) ( 0x45f11740, 0xf4d01080, 0x0, 0x5dddf818 ) 
0x00007FFFE033F259	NULL (NULL:0) (KERNELBASE:0x00007FFFE02D0000) ( 0x35dfdb5, 0x45f11945, 0x0, 0x3061de08 ) 
0x00007FFF45F11755	NULL (NULL:0) (igxelpicd64:0x00007FFF45630000) ( 0xf4d01080, 0x45f11b8b, 0xae35915b, 0x0 ) 
0x00007FFF45F11823	NULL (NULL:0) (igxelpicd64:0x00007FFF45630000) ( 0xae3591bb, 0x0, 0x0, 0xf4d01080 ) 
0x00007FFF45649B8C	NULL (NULL:0) (igxelpicd64:0x00007FFF45630000) ( 0x5dddf950, 0xf50aa160, 0x5dddf980, 0x0 ) 
0x00007FFF45703DD2	NULL (NULL:0) (igxelpicd64:0x00007FFF45630000) ( 0x80001, 0xf50f21c0, 0x0, 0x0 ) 
0x00007FFF456B6272	NULL (NULL:0) (igxelpicd64:0x00007FFF45630000) ( 0x0, 0x0, 0x0, 0x0 ) 
0x00007FFF45F4806F	NULL (NULL:0) (igxelpicd64:0x00007FFF45630000) ( 0x0, 0x0, 0x0, 0x0 ) 
0x00007FFFE11D257D	NULL (NULL:0) (KERNEL32:0x00007FFFE11C0000) ( 0x0, 0x0, 0x0, 0x0 ) 
